<?xml version="1.0" encoding="UTF-8"?>
<!-- Generated by org.testng.reporters.JUnitReportReporter -->
<testsuite hostname="meghas-mbp.lan" failures="0" tests="2" name="com.tests.LoginTest" time="5.661" errors="0" timestamp="2021-03-15T19:32:14 EDT" skipped="0">
  <testcase classname="com.tests.LoginTest" name="googletitleTest" time="2.610"/>
  <system-out/>
  <testcase classname="com.tests.LoginTest" name="logo_of_Googletest" time="3.051"/>
  <system-out/>
</testsuite> <!-- com.tests.LoginTest -->
