<?xml version="1.0" encoding="UTF-8"?>
<!-- Generated by org.testng.reporters.JUnitReportReporter -->
<testsuite hostname="meghas-mbp.lan" failures="0" tests="1" name="vfxv.BaseTest" time="0.004" errors="0" timestamp="2021-03-15T19:34:06 EDT" skipped="0">
  <testcase classname="vfxv.BaseTest" name="test1" time="0.004"/>
  <system-out/>
</testsuite> <!-- vfxv.BaseTest -->
